<?xml version="1.0" encoding="UTF-8"?>
<!-- Generated by org.testng.reporters.JUnitXMLReporter -->
<testsuite ignored="0" hostname="DESKTOP-467FR7A" failures="0" tests="5" name="Default test" time="0.388" errors="0" timestamp="2023-09-29T13:40:49 IST">
  <testcase classname="com.qa.testcases.AdminLogin_TC" name="@BeforeMethod tearUp" time="0.096">
    <failure type="org.openqa.selenium.InvalidSelectorException" message="Compound class names not permitted
For documentation on this error, please visit: https://www.selenium.dev/documentation/webdriver/troubleshooting/errors#invalid-selector-exception
Build info: version: &amp;apos;4.10.0&amp;apos;, revision: &amp;apos;c14d967899&amp;apos;
System info: os.name: &amp;apos;Windows 10&amp;apos;, os.arch: &amp;apos;amd64&amp;apos;, os.version: &amp;apos;10.0&amp;apos;, java.version: &amp;apos;17.0.6&amp;apos;
Driver info: driver.version: unknown">
      <![CDATA[org.openqa.selenium.InvalidSelectorException: Compound class names not permitted
For documentation on this error, please visit: https://www.selenium.dev/documentation/webdriver/troubleshooting/errors#invalid-selector-exception
Build info: version: '4.10.0', revision: 'c14d967899'
System info: os.name: 'Windows 10', os.arch: 'amd64', os.version: '10.0', java.version: '17.0.6'
Driver info: driver.version: unknown
at org.openqa.selenium.By$ByClassName.<init>(By.java:308)
at org.openqa.selenium.By.className(By.java:99)
at org.openqa.selenium.support.AbstractFindByBuilder.buildByFromShortFindBy(AbstractFindByBuilder.java:42)
at org.openqa.selenium.support.FindBy$FindByBuilder.buildIt(FindBy.java:83)
at org.openqa.selenium.support.pagefactory.Annotations.buildBy(Annotations.java:82)
at org.openqa.selenium.support.pagefactory.DefaultElementLocator.<init>(DefaultElementLocator.java:58)
at org.openqa.selenium.support.pagefactory.DefaultElementLocator.<init>(DefaultElementLocator.java:46)
at org.openqa.selenium.support.pagefactory.DefaultElementLocatorFactory.createLocator(DefaultElementLocatorFactory.java:32)
at org.openqa.selenium.support.pagefactory.DefaultFieldDecorator.decorate(DefaultFieldDecorator.java:55)
at org.openqa.selenium.support.PageFactory.proxyFields(PageFactory.java:109)
at org.openqa.selenium.support.PageFactory.initElements(PageFactory.java:101)
at org.openqa.selenium.support.PageFactory.initElements(PageFactory.java:88)
at org.openqa.selenium.support.PageFactory.initElements(PageFactory.java:76)
at com.qa.pages.AdminLoginPage.<init>(AdminLoginPage.java:14)
at com.qa.testcases.AdminLogin_TC.tearUp(AdminLogin_TC.java:25)
at java.base/jdk.internal.reflect.NativeMethodAccessorImpl.invoke0(Native Method)
at java.base/jdk.internal.reflect.NativeMethodAccessorImpl.invoke(NativeMethodAccessorImpl.java:77)
at java.base/jdk.internal.reflect.DelegatingMethodAccessorImpl.invoke(DelegatingMethodAccessorImpl.java:43)
at java.base/java.lang.reflect.Method.invoke(Method.java:568)
at org.testng.internal.invokers.MethodInvocationHelper.invokeMethod(MethodInvocationHelper.java:139)
at org.testng.internal.invokers.MethodInvocationHelper.invokeMethodConsideringTimeout(MethodInvocationHelper.java:69)
at org.testng.internal.invokers.ConfigInvoker.invokeConfigurationMethod(ConfigInvoker.java:361)
at org.testng.internal.invokers.ConfigInvoker.invokeConfigurations(ConfigInvoker.java:296)
at org.testng.internal.invokers.TestInvoker.runConfigMethods(TestInvoker.java:823)
at org.testng.internal.invokers.TestInvoker.invokeMethod(TestInvoker.java:590)
at org.testng.internal.invokers.TestInvoker.invokeTestMethod(TestInvoker.java:221)
at org.testng.internal.invokers.MethodRunner.runInSequence(MethodRunner.java:50)
at org.testng.internal.invokers.TestInvoker$MethodInvocationAgent.invoke(TestInvoker.java:969)
at org.testng.internal.invokers.TestInvoker.invokeTestMethods(TestInvoker.java:194)
at org.testng.internal.invokers.TestMethodWorker.invokeTestMethods(TestMethodWorker.java:148)
at org.testng.internal.invokers.TestMethodWorker.run(TestMethodWorker.java:128)
at java.base/java.util.ArrayList.forEach(ArrayList.java:1511)
at org.testng.TestRunner.privateRun(TestRunner.java:829)
at org.testng.TestRunner.run(TestRunner.java:602)
at org.testng.SuiteRunner.runTest(SuiteRunner.java:437)
at org.testng.SuiteRunner.runSequentially(SuiteRunner.java:431)
at org.testng.SuiteRunner.privateRun(SuiteRunner.java:391)
at org.testng.SuiteRunner.run(SuiteRunner.java:330)
at org.testng.SuiteRunnerWorker.runSuite(SuiteRunnerWorker.java:52)
at org.testng.SuiteRunnerWorker.run(SuiteRunnerWorker.java:95)
at org.testng.TestNG.runSuitesSequentially(TestNG.java:1256)
at org.testng.TestNG.runSuitesLocally(TestNG.java:1176)
at org.testng.TestNG.runSuites(TestNG.java:1099)
at org.testng.TestNG.run(TestNG.java:1067)
at org.testng.remote.AbstractRemoteTestNG.run(AbstractRemoteTestNG.java:115)
at org.testng.remote.RemoteTestNG.initAndRun(RemoteTestNG.java:251)
at org.testng.remote.RemoteTestNG.main(RemoteTestNG.java:77)
]]>
    </failure>
  </testcase> <!-- @BeforeMethod tearUp -->
  <testcase classname="com.qa.testcases.AdminLogin_TC" name="@AfterMethod clearMethod" time="0.0">
    <skipped/>
  </testcase> <!-- @AfterMethod clearMethod -->
  <testcase classname="com.qa.testcases.AdminLogin_TC" name="@BeforeMethod tearUp" time="0.0">
    <skipped/>
  </testcase> <!-- @BeforeMethod tearUp -->
  <testcase classname="com.qa.testcases.AdminLogin_TC" name="@AfterMethod clearMethod" time="0.0">
    <skipped/>
  </testcase> <!-- @AfterMethod clearMethod -->
  <testcase classname="com.qa.testcases.AdminLogin_TC" name="@BeforeMethod tearUp" time="0.0">
    <skipped/>
  </testcase> <!-- @BeforeMethod tearUp -->
  <testcase classname="com.qa.testcases.AdminLogin_TC" name="@AfterMethod clearMethod" time="0.0">
    <skipped/>
  </testcase> <!-- @AfterMethod clearMethod -->
  <testcase classname="com.qa.testcases.AdminLogin_TC" name="@BeforeMethod tearUp" time="0.0">
    <skipped/>
  </testcase> <!-- @BeforeMethod tearUp -->
  <testcase classname="com.qa.testcases.AdminLogin_TC" name="@AfterMethod clearMethod" time="0.0">
    <skipped/>
  </testcase> <!-- @AfterMethod clearMethod -->
  <testcase classname="com.qa.testcases.AdminLogin_TC" name="@BeforeMethod tearUp" time="0.0">
    <skipped/>
  </testcase> <!-- @BeforeMethod tearUp -->
  <testcase classname="com.qa.testcases.AdminLogin_TC" name="@AfterMethod clearMethod" time="0.0">
    <skipped/>
  </testcase> <!-- @AfterMethod clearMethod -->
  <testcase classname="com.qa.testcases.AdminLogin_TC" name="validLogin" time="0.001">
    <skipped/>
  </testcase> <!-- validLogin -->
  <testcase classname="com.qa.testcases.AdminLogin_TC" name="Blank_Username" time="0.001">
    <skipped/>
  </testcase> <!-- Blank_Username -->
  <testcase classname="com.qa.testcases.AdminLogin_TC" name="Blank_Password" time="0.0">
    <skipped/>
  </testcase> <!-- Blank_Password -->
  <testcase classname="com.qa.testcases.AdminLogin_TC" name="Blank_fields" time="0.0">
    <skipped/>
  </testcase> <!-- Blank_fields -->
  <testcase classname="com.qa.testcases.AdminLogin_TC" name="Invalid_user" time="0.0">
    <skipped/>
  </testcase> <!-- Invalid_user -->
</testsuite> <!-- Default test -->
